17-11-2018;23:21.23;12.50;4.92;3.81;2.88;1.25;
17-11-2018;23:26.25;12.31;4.95;3.94;3.00;1.25;
17-11-2018;23:31.28;12.30;5.01;4.12;3.19;1.50;
17-11-2018;23:36.31;12.23;4.99;4.31;3.31;0.88;
17-11-2018;23:41.33;12.29;4.97;4.50;3.50;1.44;
17-11-2018;23:46.37;12.34;5.03;4.69;3.69;0.94;
17-11-2018;23:51.39;12.29;5.00;4.88;3.81;1.31;
17-11-2018;23:56.42;12.32;4.95;5.00;3.94;1.56;
18-11-2018;00:01.45;12.19;4.93;5.12;4.06;1.25;
18-11-2018;00:06.47;12.27;5.04;5.31;4.19;1.31;
18-11-2018;00:11.50;12.16;4.98;5.44;4.31;0.94;
18-11-2018;00:16.53;12.18;4.93;5.56;4.44;0.94;
18-11-2018;00:21.55;12.24;4.99;5.69;4.50;0.62;
18-11-2018;00:26.58;12.31;4.98;5.81;4.62;0.00;
18-11-2018;00:32.01;12.21;5.03;5.81;4.69;4294967.50;
18-11-2018;00:37.04;12.14;5.00;5.94;4.75;4294967.50;
18-11-2018;00:42.07;12.19;5.02;5.94;4.75;4294967.00;
18-11-2018;00:47.10;12.42;4.99;6.00;4.81;4294967.00;
18-11-2018;00:52.13;12.08;5.01;6.06;4.81;4294967.50;
18-11-2018;00:57.16;12.06;4.96;6.06;4.81;4294967.00;
18-11-2018;01:02.18;12.05;5.01;6.12;4.88;4294967.00;
18-11-2018;01:07.21;12.06;5.05;6.12;4.88;4294967.50;
18-11-2018;01:12.23;11.88;4.98;6.12;4.88;4294967.00;
18-11-2018;01:17.26;11.13;5.05;6.12;4.88;4294967.50;
18-11-2018;01:22.29;10.19;5.01;6.19;4.88;4294967.00;
18-11-2018;01:27.31;10.18;5.02;6.19;4.88;0.00;
18-11-2018;01:32.34;10.06;4.96;6.12;4.88;0.31;
18-11-2018;01:37.37;10.07;4.99;6.12;4.88;0.31;
18-11-2018;01:42.39;10.11;5.00;6.12;4.81;0.38;
18-11-2018;01:47.43;10.03;4.94;6.12;4.81;0.25;
18-11-2018;01:52.45;10.07;4.98;6.12;4.81;0.12;
18-11-2018;01:57.48;10.01;4.97;6.06;4.81;0.50;
18-11-2018;02:02.51;10.03;4.97;6.06;4.75;0.38;
18-11-2018;02:07.53;9.99;4.98;6.06;4.75;0.44;
18-11-2018;02:12.56;9.78;4.89;6.06;4.75;0.44;
