15-11-2018;20:22.30;12.65;5.05;5.56;4.56;1.06;
15-11-2018;20:27.32;12.30;4.95;5.56;4.50;1.31;
15-11-2018;20:32.35;12.25;5.06;5.56;4.56;1.06;
15-11-2018;20:37.38;12.15;4.98;5.69;4.62;1.12;
15-11-2018;20:42.40;12.35;5.09;5.81;4.75;1.56;
15-11-2018;20:47.43;12.27;4.98;6.00;4.81;1.44;
15-11-2018;20:52.46;12.19;4.98;6.12;4.94;1.50;
15-11-2018;20:57.48;12.32;5.04;6.25;5.06;1.38;
15-11-2018;21:02.51;12.08;4.99;6.38;5.19;1.44;
15-11-2018;21:07.54;12.20;5.03;6.44;5.25;1.56;
15-11-2018;21:12.56;12.11;4.99;6.56;5.31;1.44;
15-11-2018;21:17.59;12.08;4.94;6.69;5.38;1.12;
15-11-2018;21:23.02;12.06;4.93;6.75;5.50;1.38;
15-11-2018;21:28.04;12.13;5.01;6.81;5.56;1.44;
15-11-2018;21:33.07;12.03;4.94;6.88;5.62;1.62;
15-11-2018;21:38.10;12.11;5.06;7.00;5.62;1.88;
15-11-2018;21:43.12;12.14;5.01;7.06;5.69;1.75;
15-11-2018;21:48.15;12.06;5.04;7.12;5.75;1.75;
15-11-2018;21:53.18;12.15;5.07;7.19;5.88;2.38;
15-11-2018;21:58.21;11.87;4.92;7.25;5.88;2.50;
15-11-2018;22:03.24;11.78;5.03;7.31;6.00;2.69;
15-11-2018;22:08.26;11.19;5.05;7.38;6.00;2.56;
15-11-2018;22:13.29;10.67;4.95;7.44;6.12;2.44;
15-11-2018;22:18.32;10.01;4.94;7.50;6.12;2.62;
15-11-2018;22:23.34;10.01;5.01;7.50;6.19;2.56;
15-11-2018;22:28.37;9.97;5.03;7.50;6.19;2.56;
15-11-2018;22:33.40;10.01;4.96;7.56;6.25;2.44;
15-11-2018;22:38.42;10.07;4.98;7.56;6.25;2.44;
15-11-2018;22:43.45;9.98;5.03;7.56;6.25;2.06;
15-11-2018;22:48.48;9.96;4.95;7.56;6.25;2.00;
15-11-2018;22:53.50;10.03;5.03;7.56;6.31;1.81;
15-11-2018;22:58.53;9.97;4.96;7.56;6.31;1.88;
15-11-2018;23:03.55;9.95;4.98;7.50;6.25;2.12;
15-11-2018;23:08.59;10.01;5.04;7.75;7.19;1.69;
15-11-2018;23:14.02;10.02;4.97;8.19;7.56;1.31;
15-11-2018;23:19.06;9.94;4.96;8.44;7.56;1.06;
15-11-2018;23:24.09;10.01;5.05;8.56;7.50;1.12;
15-11-2018;23:29.12;9.91;4.96;8.62;7.38;1.19;
15-11-2018;23:34.15;9.91;4.96;8.56;7.31;1.31;
15-11-2018;23:39.17;10.29;5.04;8.56;7.19;1.44;
15-11-2018;23:44.20;9.91;4.96;8.56;7.06;2.00;
