20-11-2018;21:30.56;12.21;4.99;3.88;3.56;2.88;
20-11-2018;21:35.59;11.96;5.06;3.94;3.62;2.94;
20-11-2018;21:41.01;11.89;5.03;4.06;3.75;2.94;
20-11-2018;21:46.04;11.93;5.07;4.19;3.88;2.94;
20-11-2018;21:51.07;11.76;4.98;4.44;4.06;2.94;
20-11-2018;21:56.09;11.89;5.02;4.62;4.25;2.94;
20-11-2018;22:01.12;11.79;5.01;4.81;4.38;2.94;
20-11-2018;22:06.15;11.97;5.07;5.00;4.56;3.00;
20-11-2018;22:11.17;11.81;4.99;5.19;4.75;3.00;
20-11-2018;22:16.20;11.80;5.00;5.38;4.88;3.00;
20-11-2018;22:21.22;12.11;4.99;5.50;5.00;3.00;
20-11-2018;22:26.25;11.79;5.01;5.69;5.12;3.06;
20-11-2018;22:31.28;11.88;5.06;5.88;5.25;3.06;
20-11-2018;22:36.30;11.88;4.98;6.00;5.38;3.06;
20-11-2018;22:41.33;11.96;5.01;6.12;5.50;3.12;
20-11-2018;22:46.36;11.77;4.99;6.25;5.62;3.12;
20-11-2018;22:51.39;11.77;5.02;6.38;5.69;3.12;
20-11-2018;22:56.42;11.83;5.02;6.50;5.81;3.12;
20-11-2018;23:01.44;11.75;4.94;6.62;5.88;3.12;
20-11-2018;23:06.47;11.75;4.96;6.75;5.94;3.12;
20-11-2018;23:11.50;11.99;5.03;6.81;6.00;3.19;
20-11-2018;23:16.52;11.98;5.00;6.88;6.06;3.19;
20-11-2018;23:21.55;11.89;5.00;7.00;6.12;3.19;
20-11-2018;23:26.58;11.89;4.95;7.06;6.25;3.19;
20-11-2018;23:32.00;11.84;5.03;7.12;6.31;3.19;
20-11-2018;23:37.03;11.90;5.03;7.19;6.38;3.19;
20-11-2018;23:42.06;12.05;4.94;7.31;6.38;3.19;
20-11-2018;23:47.08;11.94;5.01;7.38;6.44;3.25;
20-11-2018;23:52.11;11.71;4.94;7.44;6.50;3.25;
20-11-2018;23:57.14;11.74;5.03;7.50;6.56;3.25;
21-11-2018;00:02.16;11.81;5.03;7.56;6.62;3.25;
21-11-2018;00:07.19;11.73;4.93;7.62;6.62;3.25;
21-11-2018;00:12.21;11.81;5.03;7.62;6.69;3.25;
21-11-2018;00:17.24;11.71;4.98;7.69;6.69;3.25;
21-11-2018;00:22.27;11.70;4.93;7.75;6.75;3.25;
21-11-2018;00:27.29;11.71;5.02;7.75;6.81;3.25;
21-11-2018;00:32.32;11.79;5.00;7.81;6.81;3.31;
21-11-2018;00:37.35;11.83;5.06;7.81;6.81;3.31;
21-11-2018;00:42.37;11.94;5.05;7.94;6.88;3.31;
21-11-2018;00:47.40;11.69;4.95;7.94;6.88;3.31;
21-11-2018;00:52.43;11.82;5.08;8.00;6.94;3.31;
21-11-2018;00:57.45;11.77;5.07;8.00;6.94;3.31;
21-11-2018;01:02.49;11.72;5.03;8.00;7.00;3.31;
21-11-2018;01:07.51;11.70;4.94;8.06;7.00;3.31;
21-11-2018;01:12.54;11.76;5.00;8.06;7.06;3.31;
21-11-2018;01:17.57;11.83;5.05;8.12;7.06;3.31;
21-11-2018;01:22.59;11.69;5.01;8.12;7.12;3.31;
21-11-2018;01:28.02;11.76;4.95;8.19;7.12;3.31;
21-11-2018;01:33.05;11.85;5.01;8.19;7.19;3.31;
21-11-2018;01:38.07;11.79;5.05;8.19;7.19;3.38;
21-11-2018;01:43.10;11.88;5.09;8.25;7.19;3.31;
21-11-2018;01:48.13;11.71;5.04;8.25;7.25;3.31;
21-11-2018;01:53.15;11.75;5.03;8.31;7.25;3.31;
21-11-2018;01:58.18;11.73;5.06;8.31;7.31;3.31;
21-11-2018;02:03.20;11.73;4.97;8.31;7.31;3.38;
21-11-2018;02:08.23;11.79;5.06;8.31;7.31;3.38;
21-11-2018;02:13.26;11.76;5.09;8.38;7.38;3.38;
21-11-2018;02:18.28;11.74;5.06;8.38;7.38;3.38;
21-11-2018;02:23.31;11.83;5.00;8.44;7.38;3.38;
21-11-2018;02:28.34;11.64;5.00;8.44;7.44;3.44;
21-11-2018;02:33.36;11.77;5.03;8.44;7.44;3.44;
21-11-2018;02:38.39;11.61;4.95;8.50;7.44;3.44;
21-11-2018;02:43.42;11.64;4.99;8.50;7.44;3.44;
21-11-2018;02:48.44;11.75;5.03;8.50;7.50;3.50;
21-11-2018;02:53.47;11.64;4.93;8.56;7.50;3.50;
21-11-2018;02:58.50;11.72;4.97;8.56;7.50;3.50;
21-11-2018;03:03.53;11.62;4.96;8.56;7.56;3.50;
21-11-2018;03:08.56;11.76;5.04;8.62;7.56;3.50;
21-11-2018;03:13.58;11.66;4.98;8.62;7.56;3.50;
21-11-2018;03:19.01;11.58;5.01;8.62;7.56;3.50;
21-11-2018;03:24.04;11.63;5.01;8.62;7.56;3.50;
21-11-2018;03:29.06;11.70;5.01;8.69;7.62;3.50;
21-11-2018;03:34.09;11.71;4.99;8.69;7.62;3.56;
21-11-2018;03:39.12;11.67;5.00;8.69;7.62;3.56;
21-11-2018;03:44.14;11.73;4.97;8.69;7.69;3.56;
21-11-2018;03:49.17;11.63;4.98;8.69;7.69;3.62;
21-11-2018;03:54.20;11.71;5.02;8.75;7.69;3.62;
21-11-2018;03:59.22;11.67;5.03;8.75;7.69;3.69;
21-11-2018;04:04.25;11.67;5.06;8.75;7.75;3.69;
21-11-2018;04:09.28;11.59;5.03;8.81;7.75;3.69;
21-11-2018;04:14.30;11.73;4.99;8.81;7.75;3.69;
21-11-2018;04:19.33;11.67;5.03;8.81;7.75;3.75;
21-11-2018;04:24.35;11.77;5.01;8.88;7.81;3.75;
21-11-2018;04:29.38;11.63;5.04;8.88;7.81;3.75;
21-11-2018;04:34.41;11.68;5.04;8.88;7.81;3.75;
21-11-2018;04:39.43;11.66;5.03;8.88;7.81;3.75;
21-11-2018;04:44.46;11.56;4.92;8.88;7.88;3.81;
21-11-2018;04:49.49;11.67;5.07;8.88;7.88;3.75;
21-11-2018;04:54.51;11.58;4.96;8.88;7.88;3.75;
21-11-2018;04:59.54;11.63;5.05;8.94;7.94;3.81;
21-11-2018;05:04.57;11.65;5.04;8.94;7.94;3.81;
21-11-2018;05:09.59;11.67;5.02;8.94;7.94;3.81;
21-11-2018;05:15.02;11.76;5.01;9.00;7.94;3.81;
21-11-2018;05:20.05;11.55;4.98;9.00;8.00;3.81;
21-11-2018;05:25.07;11.54;4.97;9.00;8.00;3.81;
21-11-2018;05:30.10;11.63;5.05;9.00;8.00;3.75;
21-11-2018;05:35.13;11.53;4.93;9.06;8.00;3.81;
21-11-2018;05:40.15;11.62;5.03;9.06;8.00;3.81;
21-11-2018;05:45.18;11.52;4.99;9.06;8.00;3.81;
21-11-2018;05:50.20;11.52;4.94;9.06;8.06;3.81;
21-11-2018;05:55.23;11.66;5.03;9.06;8.06;3.81;
21-11-2018;06:00.26;11.58;5.03;9.06;8.06;3.81;
21-11-2018;06:05.28;11.63;5.05;9.12;8.06;3.81;
21-11-2018;06:10.31;11.52;5.01;9.12;8.06;3.81;
21-11-2018;06:15.34;11.55;5.03;9.12;8.06;3.81;
21-11-2018;06:20.36;11.58;5.04;9.12;8.06;3.81;
