19-11-2018;20:05.22;12.55;4.95;5.25;4.69;2.12;
19-11-2018;20:10.25;12.23;5.02;5.25;4.62;2.19;
19-11-2018;20:15.27;12.12;4.97;5.31;4.62;2.12;
19-11-2018;20:20.30;12.38;5.04;5.44;4.69;2.06;
19-11-2018;20:25.33;12.25;4.92;5.62;4.81;2.12;
19-11-2018;20:30.35;12.31;5.06;5.75;4.94;2.19;
19-11-2018;20:35.38;12.19;5.01;5.88;5.06;2.19;
19-11-2018;20:40.40;12.32;5.05;6.00;5.12;2.19;
19-11-2018;20:45.43;12.20;4.92;6.19;5.25;2.19;
19-11-2018;20:50.46;12.08;4.98;6.25;5.31;2.19;
19-11-2018;20:55.48;12.32;5.07;6.38;5.44;2.19;
19-11-2018;21:00.51;12.08;4.92;6.44;5.50;2.25;
19-11-2018;21:05.54;12.23;4.97;6.56;5.62;2.25;
19-11-2018;21:10.56;12.12;4.92;6.62;5.62;2.25;
19-11-2018;21:15.59;12.17;5.04;6.69;5.69;2.25;
19-11-2018;21:21.02;12.27;5.01;6.75;5.81;2.25;
19-11-2018;21:26.04;12.14;5.02;6.81;5.81;2.19;
19-11-2018;21:31.07;12.21;4.94;6.88;5.88;2.19;
19-11-2018;21:36.10;12.08;4.93;6.94;5.94;2.19;
19-11-2018;21:41.12;12.08;4.94;7.00;6.00;2.19;
19-11-2018;21:46.15;12.10;4.98;7.00;6.06;2.19;
19-11-2018;21:51.17;12.11;5.03;7.06;6.06;2.19;
19-11-2018;21:56.20;12.11;4.95;7.12;6.12;2.19;
19-11-2018;22:01.24;12.08;4.95;7.19;6.19;2.19;
19-11-2018;22:06.26;12.08;4.95;7.19;6.19;2.19;
19-11-2018;22:11.29;12.08;4.98;7.25;6.25;2.19;
19-11-2018;22:16.32;12.23;5.00;7.25;6.25;2.25;
19-11-2018;22:21.34;12.25;5.04;7.31;6.31;2.31;
19-11-2018;22:26.37;12.07;4.97;7.38;6.38;2.25;
19-11-2018;22:31.39;12.06;5.04;7.38;6.38;2.25;
19-11-2018;22:36.42;12.10;4.92;7.44;6.38;2.31;
19-11-2018;22:41.45;12.11;5.03;7.44;6.44;2.31;
19-11-2018;22:46.47;12.08;4.96;7.50;6.44;2.31;
19-11-2018;22:51.50;12.18;5.06;7.50;6.44;2.31;
19-11-2018;22:56.54;12.30;4.95;7.50;6.44;2.31;
19-11-2018;23:01.56;12.14;4.97;7.38;6.44;2.31;
19-11-2018;23:06.59;12.16;5.08;7.31;6.44;2.31;
19-11-2018;23:12.01;12.17;5.04;7.38;6.50;2.31;
19-11-2018;23:17.04;12.07;4.98;7.44;6.50;2.31;
19-11-2018;23:22.07;12.31;5.04;7.50;6.56;2.31;
19-11-2018;23:27.09;12.06;4.93;7.50;6.56;2.25;
19-11-2018;23:32.12;12.23;5.04;7.50;6.56;2.25;
19-11-2018;23:37.15;12.48;4.98;7.56;6.56;2.25;
19-11-2018;23:42.18;12.05;4.98;7.56;6.62;2.25;
19-11-2018;23:47.21;12.31;4.99;7.62;6.62;2.25;
19-11-2018;23:52.23;12.14;5.05;7.62;6.62;2.25;
19-11-2018;23:57.26;12.08;5.02;7.62;6.62;2.31;
20-11-2018;00:02.29;12.13;4.98;7.69;6.62;2.25;
20-11-2018;00:07.32;12.27;4.93;7.75;6.62;2.25;
20-11-2018;00:12.36;12.12;5.05;7.75;6.62;2.25;
20-11-2018;00:17.38;12.36;4.98;7.75;6.62;2.31;
20-11-2018;00:22.41;12.12;4.92;7.75;6.56;2.31;
20-11-2018;00:27.44;12.18;5.06;7.75;6.56;2.31;
20-11-2018;00:32.46;12.27;4.99;7.75;6.56;2.31;
20-11-2018;00:37.49;12.14;5.00;7.75;6.56;2.31;
20-11-2018;00:42.52;12.10;5.04;7.75;6.56;2.31;
20-11-2018;00:47.54;12.11;5.05;7.75;6.56;2.38;
20-11-2018;00:52.57;12.11;5.03;7.69;6.62;2.38;
20-11-2018;00:58.00;12.12;5.03;7.75;6.62;2.31;
20-11-2018;01:03.02;12.11;5.01;7.69;6.62;2.38;
20-11-2018;01:08.05;12.03;4.93;7.75;6.62;2.31;
20-11-2018;01:13.08;12.08;4.93;7.75;6.62;2.31;
20-11-2018;01:18.10;12.24;5.01;7.75;6.62;2.31;
20-11-2018;01:23.13;12.10;5.09;7.75;6.69;2.31;
20-11-2018;01:28.16;12.08;5.07;7.75;6.69;2.31;
20-11-2018;01:33.18;12.02;5.04;7.75;6.69;2.31;
20-11-2018;01:38.21;12.09;4.95;7.75;6.69;2.31;
20-11-2018;01:43.23;12.07;5.03;7.75;6.69;2.31;
20-11-2018;01:48.26;12.06;5.03;7.75;6.69;2.25;
20-11-2018;01:53.29;12.10;5.01;7.75;6.69;2.44;
20-11-2018;01:58.31;12.11;4.96;7.75;6.69;2.44;
20-11-2018;02:03.34;12.01;4.93;7.75;6.69;2.44;
20-11-2018;02:08.37;12.13;4.99;7.75;6.69;2.44;
20-11-2018;02:13.39;11.82;4.95;7.81;6.69;2.44;
20-11-2018;02:18.42;12.31;4.98;7.81;6.69;2.44;
20-11-2018;02:23.45;12.08;5.03;7.81;6.69;2.44;
20-11-2018;02:28.47;11.96;4.99;7.81;6.69;2.50;
20-11-2018;02:33.50;11.95;5.01;7.81;6.69;2.38;
20-11-2018;02:38.52;11.98;4.99;7.81;6.69;2.44;
20-11-2018;02:43.55;11.94;5.00;7.81;6.69;2.44;
20-11-2018;02:48.58;11.96;4.99;7.81;6.62;2.44;
20-11-2018;02:54.00;12.06;5.03;7.81;6.62;2.38;
20-11-2018;02:59.03;12.10;4.93;7.81;6.62;2.31;
20-11-2018;03:04.06;12.06;5.03;7.81;6.69;2.31;
20-11-2018;03:09.08;12.03;5.07;7.81;6.69;2.31;
20-11-2018;03:14.11;11.94;4.92;7.81;6.69;2.31;
20-11-2018;03:19.14;12.00;4.93;7.81;6.69;2.31;
20-11-2018;03:24.16;11.90;5.04;7.81;6.69;2.31;
20-11-2018;03:29.19;11.95;4.94;7.81;6.69;2.31;
20-11-2018;03:34.22;12.04;5.04;7.81;6.69;2.31;
20-11-2018;03:39.24;12.05;5.04;7.81;6.69;2.44;
20-11-2018;03:44.27;12.32;5.03;7.81;6.69;2.44;
20-11-2018;03:49.29;11.96;4.96;7.81;6.69;2.56;
20-11-2018;03:54.32;11.94;4.94;7.81;6.62;2.56;
20-11-2018;03:59.36;11.96;4.97;7.75;6.62;2.56;
20-11-2018;04:04.38;12.02;4.94;7.81;6.62;2.56;
20-11-2018;04:09.41;12.02;4.96;7.75;6.62;2.56;
20-11-2018;04:14.44;12.00;5.03;7.81;6.62;2.50;
20-11-2018;04:19.47;12.13;5.03;7.81;6.62;2.44;
20-11-2018;04:24.50;11.95;4.93;7.81;6.62;2.38;
20-11-2018;04:29.52;11.99;5.07;7.81;6.62;2.31;
20-11-2018;04:34.55;11.99;4.94;7.81;6.62;2.31;
20-11-2018;04:39.58;12.06;5.05;7.81;6.62;2.38;
20-11-2018;04:45.00;12.08;5.02;7.75;6.69;2.31;
20-11-2018;04:50.03;11.96;5.03;7.75;6.69;2.31;
20-11-2018;04:55.06;12.00;5.01;7.81;6.69;2.31;
20-11-2018;05:00.08;11.90;4.93;7.81;6.69;2.31;
20-11-2018;05:05.11;11.88;4.97;7.81;6.69;2.31;
20-11-2018;05:10.13;12.10;5.06;7.81;6.75;2.38;
20-11-2018;05:15.16;11.92;4.93;7.81;6.75;2.44;
20-11-2018;05:20.19;11.92;4.94;7.81;6.75;2.44;
20-11-2018;05:25.21;12.00;4.93;7.81;6.75;2.56;
20-11-2018;05:30.24;11.97;5.03;7.81;6.75;2.62;
20-11-2018;05:35.27;11.96;5.04;7.88;6.69;2.62;
20-11-2018;05:40.29;11.90;4.99;7.88;6.69;2.56;
20-11-2018;05:45.32;11.93;5.01;7.88;6.69;2.69;
20-11-2018;05:50.36;11.85;4.98;7.88;6.69;2.69;
20-11-2018;05:55.39;11.88;4.96;7.88;6.69;2.69;
20-11-2018;06:00.42;11.98;5.10;7.88;6.69;2.75;
20-11-2018;06:05.44;11.96;4.97;7.88;6.69;2.69;
20-11-2018;06:10.47;12.00;4.93;7.88;6.69;2.69;
20-11-2018;06:15.50;12.06;5.03;7.88;6.69;2.69;
20-11-2018;06:20.52;11.92;4.94;7.88;6.69;2.75;
